<?xml version="1.0" encoding="utf-8"?><testsuites name="pytest tests"><testsuite name="pytest" errors="0" failures="1" skipped="0" tests="15" time="5.011" timestamp="2026-06-22T08:22:19.036351+00:00" hostname="agent-env-93fdc504-a103-46b4-9a43-dfdd8c33ff24"><testcase classname="backend.tests.test_wallet_module.TestAuth" name="test_admin_login" time="0.476" /><testcase classname="backend.tests.test_wallet_module.TestAuth" name="test_bad_password" time="0.323" /><testcase classname="backend.tests.test_wallet_module.TestPatients" name="test_seven_active_patients" time="0.459" /><testcase classname="backend.tests.test_wallet_module.TestWalletsList" name="test_list_wallets_returns_all_active" time="0.143" /><testcase classname="backend.tests.test_wallet_module.TestWalletsList" name="test_search_by_name" time="0.106" /><testcase classname="backend.tests.test_wallet_module.TestWalletsList" name="test_search_by_mobile" time="0.197" /><testcase classname="backend.tests.test_wallet_module.TestWalletsList" name="test_min_balance_filter" time="0.103" /><testcase classname="backend.tests.test_wallet_module.TestWalletsList" name="test_permission_staff_blocked" time="0.414" /><testcase classname="backend.tests.test_wallet_module.TestWalletsList" name="test_permission_manager_allowed" time="0.452" /><testcase classname="backend.tests.test_wallet_module.TestWalletsList" name="test_permission_accountant_allowed" time="0.416" /><testcase classname="backend.tests.test_wallet_module.TestWalletDetail" name="test_get_wallet_for_patient_1" time="0.112" /><testcase classname="backend.tests.test_wallet_module.TestWalletDetail" name="test_credit_adjust_then_balance_and_stats" time="0.458" /><testcase classname="backend.tests.test_wallet_module.TestNewPatientAutoWallet" name="test_create_patient_auto_wallet" time="0.374" /><testcase classname="backend.tests.test_wallet_module.TestRefundRequests" name="test_create_refund_request" time="0.090"><failure message="AssertionError: refund-requests list failed: 422 {&quot;detail&quot;:[{&quot;type&quot;:&quot;int_parsing&quot;,&quot;loc&quot;:[&quot;path&quot;,&quot;pid&quot;],&quot;msg&quot;:&quot;Input should be a valid integer, unable to parse string as an integer&quot;,&quot;input&quot;:&quot;refund-requests&quot;,&quot;url&quot;:&quot;https://errors.pydantic.dev/2.13/v/int_parsing&quot;}]}&#10;assert 422 == 200&#10; +  where 422 = &lt;Response [422]&gt;.status_code">backend/tests/test_wallet_module.py:237: in test_create_refund_request
    assert r0.status_code == 200, f"refund-requests list failed: {r0.status_code} {r0.text}"
E   AssertionError: refund-requests list failed: 422 {"detail":[{"type":"int_parsing","loc":["path","pid"],"msg":"Input should be a valid integer, unable to parse string as an integer","input":"refund-requests","url":"https://errors.pydantic.dev/2.13/v/int_parsing"}]}
E   assert 422 == 200
E    +  where 422 = &lt;Response [422]&gt;.status_code</failure></testcase><testcase classname="backend.tests.test_wallet_module.TestMigrationScript" name="test_migrate_wallets_idempotent" time="0.682" /></testsuite></testsuites>