<?xml version="1.0" encoding="utf-8"?><testsuites name="pytest tests"><testsuite name="pytest" errors="0" failures="0" skipped="0" tests="30" time="8.759" timestamp="2026-06-22T08:52:32.120401+00:00" hostname="agent-env-93fdc504-a103-46b4-9a43-dfdd8c33ff24"><testcase classname="backend.tests.test_wallet_module.TestAuth" name="test_admin_login" time="0.435" /><testcase classname="backend.tests.test_wallet_module.TestAuth" name="test_bad_password" time="0.318" /><testcase classname="backend.tests.test_wallet_module.TestPatients" name="test_seven_active_patients" time="0.412" /><testcase classname="backend.tests.test_wallet_module.TestWalletsList" name="test_list_wallets_returns_all_active" time="0.097" /><testcase classname="backend.tests.test_wallet_module.TestWalletsList" name="test_search_by_name" time="0.095" /><testcase classname="backend.tests.test_wallet_module.TestWalletsList" name="test_search_by_mobile" time="0.190" /><testcase classname="backend.tests.test_wallet_module.TestWalletsList" name="test_min_balance_filter" time="0.091" /><testcase classname="backend.tests.test_wallet_module.TestWalletsList" name="test_permission_staff_blocked" time="0.398" /><testcase classname="backend.tests.test_wallet_module.TestWalletsList" name="test_permission_manager_allowed" time="0.412" /><testcase classname="backend.tests.test_wallet_module.TestWalletsList" name="test_permission_accountant_allowed" time="0.401" /><testcase classname="backend.tests.test_wallet_module.TestWalletDetail" name="test_get_wallet_for_patient_1" time="0.092" /><testcase classname="backend.tests.test_wallet_module.TestWalletDetail" name="test_credit_adjust_then_balance_and_stats" time="0.469" /><testcase classname="backend.tests.test_wallet_module.TestNewPatientAutoWallet" name="test_create_patient_auto_wallet" time="0.376" /><testcase classname="backend.tests.test_wallet_module.TestRefundRequests" name="test_list_refund_requests_returns_200" time="0.089" /><testcase classname="backend.tests.test_wallet_module.TestRefundRequests" name="test_list_refund_requests_status_filter" time="0.092" /><testcase classname="backend.tests.test_wallet_module.TestRefundRequests" name="test_create_refund_request_full_workflow" time="1.438" /><testcase classname="backend.tests.test_wallet_module.TestRefundRequests" name="test_patch_refund_request_status_invalid_value" time="0.377" /><testcase classname="backend.tests.test_wallet_module.TestRouteShadowingRegression" name="test_get_wallet_pid_still_works" time="0.090" /><testcase classname="backend.tests.test_wallet_module.TestRouteShadowingRegression" name="test_get_wallet_pid_transactions_still_works" time="0.098" /><testcase classname="backend.tests.test_wallet_module.TestRouteShadowingRegression" name="test_wallets_list_still_returns_seven_plus" time="0.099" /><testcase classname="backend.tests.test_wallet_module.TestMigrationScript" name="test_migrate_wallets_idempotent" time="0.680" /><testcase classname="backend.tests.test_wallet_module.TestWalletAdminRecalculate" name="test_recalculate_as_admin_returns_correct_shape" time="0.093" /><testcase classname="backend.tests.test_wallet_module.TestWalletAdminRecalculate" name="test_recalculate_blocked_for_manager" time="0.094" /><testcase classname="backend.tests.test_wallet_module.TestWalletAdminRecalculate" name="test_recalculate_blocked_for_accountant" time="0.096" /><testcase classname="backend.tests.test_wallet_module.TestWalletAdminRecalculate" name="test_recalculate_blocked_for_foe_staff" time="0.091" /><testcase classname="backend.tests.test_wallet_module.TestWalletAdminRecalculate" name="test_recalculate_unauthenticated_blocked" time="0.100" /><testcase classname="backend.tests.test_wallet_module.TestWalletAdminRecalculate" name="test_recalculate_idempotent_back_to_back" time="0.193" /><testcase classname="backend.tests.test_wallet_module.TestWalletAdminRecalculate" name="test_end_to_end_recovery_for_booking_2" time="0.637" /><testcase classname="backend.tests.test_wallet_module.TestWalletAdminRecalculate" name="test_startup_hooks_still_green_after_recalc" time="0.286" /><testcase classname="backend.tests.test_wallet_module.TestWalletAdminRecalculate" name="test_dashboard_stats_reflect_post_recalculation" time="0.290" /></testsuite></testsuites>